<?xml version="1.0" encoding="UTF-8"?>
<testsuite name="co.woody.service.MemberServiceIntegrationTest" tests="2" skipped="0" failures="0" errors="0" timestamp="2021-10-25T14:37:31" hostname="woodyui-MacBookPro.local" time="0.494">
  <properties/>
  <testcase name="중복_회원_예외()" classname="co.woody.service.MemberServiceIntegrationTest" time="0.446"/>
  <testcase name="회원가입()" classname="co.woody.service.MemberServiceIntegrationTest" time="0.047"/>
  <system-out><![CDATA[23:37:24.080 [Test worker] DEBUG org.springframework.test.context.BootstrapUtils - Instantiating CacheAwareContextLoaderDelegate from class [org.springframework.test.context.cache.DefaultCacheAwareContextLoaderDelegate]
23:37:24.100 [Test worker] DEBUG org.springframework.test.context.BootstrapUtils - Instantiating BootstrapContext using constructor [public org.springframework.test.context.support.DefaultBootstrapContext(java.lang.Class,org.springframework.test.context.CacheAwareContextLoaderDelegate)]
23:37:24.151 [Test worker] DEBUG org.springframework.test.context.BootstrapUtils - Instantiating TestContextBootstrapper for test class [co.woody.service.MemberServiceIntegrationTest] from class [org.springframework.boot.test.context.SpringBootTestContextBootstrapper]
23:37:24.169 [Test worker] INFO org.springframework.boot.test.context.SpringBootTestContextBootstrapper - Neither @ContextConfiguration nor @ContextHierarchy found for test class [co.woody.service.MemberServiceIntegrationTest], using SpringBootContextLoader
23:37:24.175 [Test worker] DEBUG org.springframework.test.context.support.AbstractContextLoader - Did not detect default resource location for test class [co.woody.service.MemberServiceIntegrationTest]: class path resource [co/woody/service/MemberServiceIntegrationTest-context.xml] does not exist
23:37:24.175 [Test worker] DEBUG org.springframework.test.context.support.AbstractContextLoader - Did not detect default resource location for test class [co.woody.service.MemberServiceIntegrationTest]: class path resource [co/woody/service/MemberServiceIntegrationTestContext.groovy] does not exist
23:37:24.176 [Test worker] INFO org.springframework.test.context.support.AbstractContextLoader - Could not detect default resource locations for test class [co.woody.service.MemberServiceIntegrationTest]: no resource found for suffixes {-context.xml, Context.groovy}.
23:37:24.177 [Test worker] INFO org.springframework.test.context.support.AnnotationConfigContextLoaderUtils - Could not detect default configuration classes for test class [co.woody.service.MemberServiceIntegrationTest]: MemberServiceIntegrationTest does not declare any static, non-private, non-final, nested classes annotated with @Configuration.
23:37:24.251 [Test worker] DEBUG org.springframework.test.context.support.ActiveProfilesUtils - Could not find an 'annotation declaring class' for annotation type [org.springframework.test.context.ActiveProfiles] and class [co.woody.service.MemberServiceIntegrationTest]
23:37:24.331 [Test worker] DEBUG org.springframework.context.annotation.ClassPathScanningCandidateComponentProvider - Identified candidate component class: file [/Users/woody/devhub/spring-projects/basic/build/classes/java/main/co/woody/BasicApplication.class]
23:37:24.333 [Test worker] INFO org.springframework.boot.test.context.SpringBootTestContextBootstrapper - Found @SpringBootConfiguration co.woody.BasicApplication for test class co.woody.service.MemberServiceIntegrationTest
23:37:24.481 [Test worker] DEBUG org.springframework.boot.test.context.SpringBootTestContextBootstrapper - @TestExecutionListeners is not present for class [co.woody.service.MemberServiceIntegrationTest]: using defaults.
23:37:24.481 [Test worker] INFO org.springframework.boot.test.context.SpringBootTestContextBootstrapper - Loaded default TestExecutionListener class names from location [META-INF/spring.factories]: [org.springframework.boot.test.autoconfigure.restdocs.RestDocsTestExecutionListener, org.springframework.boot.test.autoconfigure.web.client.MockRestServiceServerResetTestExecutionListener, org.springframework.boot.test.autoconfigure.web.servlet.MockMvcPrintOnlyOnFailureTestExecutionListener, org.springframework.boot.test.autoconfigure.web.servlet.WebDriverTestExecutionListener, org.springframework.boot.test.autoconfigure.webservices.client.MockWebServiceServerTestExecutionListener, org.springframework.boot.test.mock.mockito.MockitoTestExecutionListener, org.springframework.boot.test.mock.mockito.ResetMocksTestExecutionListener, org.springframework.test.context.web.ServletTestExecutionListener, org.springframework.test.context.support.DirtiesContextBeforeModesTestExecutionListener, org.springframework.test.context.event.ApplicationEventsTestExecutionListener, org.springframework.test.context.support.DependencyInjectionTestExecutionListener, org.springframework.test.context.support.DirtiesContextTestExecutionListener, org.springframework.test.context.transaction.TransactionalTestExecutionListener, org.springframework.test.context.jdbc.SqlScriptsTestExecutionListener, org.springframework.test.context.event.EventPublishingTestExecutionListener]
23:37:24.504 [Test worker] INFO org.springframework.boot.test.context.SpringBootTestContextBootstrapper - Using TestExecutionListeners: [org.springframework.test.context.web.ServletTestExecutionListener@a34dd3f, org.springframework.test.context.support.DirtiesContextBeforeModesTestExecutionListener@40c2d1e9, org.springframework.test.context.event.ApplicationEventsTestExecutionListener@7fd8a0c, org.springframework.boot.test.mock.mockito.MockitoTestExecutionListener@ceea515, org.springframework.boot.test.autoconfigure.SpringBootDependencyInjectionTestExecutionListener@201f4c92, org.springframework.test.context.support.DirtiesContextTestExecutionListener@76848ce1, org.springframework.test.context.transaction.TransactionalTestExecutionListener@1dc2c5d7, org.springframework.test.context.jdbc.SqlScriptsTestExecutionListener@64fd1d77, org.springframework.test.context.event.EventPublishingTestExecutionListener@3edcb6a6, org.springframework.boot.test.autoconfigure.restdocs.RestDocsTestExecutionListener@6c6dd618, org.springframework.boot.test.autoconfigure.web.client.MockRestServiceServerResetTestExecutionListener@670a4a3f, org.springframework.boot.test.autoconfigure.web.servlet.MockMvcPrintOnlyOnFailureTestExecutionListener@6b90e50c, org.springframework.boot.test.autoconfigure.web.servlet.WebDriverTestExecutionListener@3022075e, org.springframework.boot.test.autoconfigure.webservices.client.MockWebServiceServerTestExecutionListener@32fdda54, org.springframework.boot.test.mock.mockito.ResetMocksTestExecutionListener@7132586]
23:37:24.509 [Test worker] DEBUG org.springframework.test.context.support.AbstractDirtiesContextTestExecutionListener - Before test class: context [DefaultTestContext@4d49cf67 testClass = MemberServiceIntegrationTest, testInstance = [null], testMethod = [null], testException = [null], mergedContextConfiguration = [WebMergedContextConfiguration@40f0341 testClass = MemberServiceIntegrationTest, locations = '{}', classes = '{class co.woody.BasicApplication}', contextInitializerClasses = '[]', activeProfiles = '{}', propertySourceLocations = '{}', propertySourceProperties = '{org.springframework.boot.test.context.SpringBootTestContextBootstrapper=true}', contextCustomizers = set[org.springframework.boot.test.autoconfigure.actuate.metrics.MetricsExportContextCustomizerFactory$DisableMetricExportContextCustomizer@1ba8c57e, org.springframework.boot.test.autoconfigure.properties.PropertyMappingContextCustomizer@0, org.springframework.boot.test.autoconfigure.web.servlet.WebDriverContextCustomizerFactory$Customizer@60247f69, org.springframework.boot.test.context.filter.ExcludeFilterContextCustomizer@43f8c8f4, org.springframework.boot.test.json.DuplicateJsonObjectContextCustomizerFactory$DuplicateJsonObjectContextCustomizer@3da69a0e, org.springframework.boot.test.mock.mockito.MockitoContextCustomizer@0, org.springframework.boot.test.web.client.TestRestTemplateContextCustomizer@622bc129, org.springframework.boot.test.context.SpringBootTestArgs@1, org.springframework.boot.test.context.SpringBootTestWebEnvironment@2ad19c51], resourceBasePath = 'src/main/webapp', contextLoader = 'org.springframework.boot.test.context.SpringBootContextLoader', parent = [null]], attributes = map['org.springframework.test.context.web.ServletTestExecutionListener.activateListener' -> true]], class annotated with @DirtiesContext [false] with mode [null].
23:37:24.542 [Test worker] DEBUG org.springframework.test.context.support.TestPropertySourceUtils - Adding inlined properties to environment: {spring.jmx.enabled=false, org.springframework.boot.test.context.SpringBootTestContextBootstrapper=true}

  .   ____          _            __ _ _
 /\\ / ___'_ __ _ _(_)_ __  __ _ \ \ \ \
( ( )\___ | '_ | '_| | '_ \/ _` | \ \ \ \
 \\/  ___)| |_)| | | | | || (_| |  ) ) ) )
  '  |____| .__|_| |_|_| |_\__, | / / / /
 =========|_|==============|___/=/_/_/_/
 :: Spring Boot ::                (v2.5.5)

2021-10-25 23:37:25.049  INFO 3184 --- [    Test worker] c.w.s.MemberServiceIntegrationTest       : Starting MemberServiceIntegrationTest using Java 1.8.0_242 on woodyui-MacBookPro.local with PID 3184 (started by woody in /Users/woody/devhub/spring-projects/basic)
2021-10-25 23:37:25.054  INFO 3184 --- [    Test worker] c.w.s.MemberServiceIntegrationTest       : No active profile set, falling back to default profiles: default
2021-10-25 23:37:26.091  INFO 3184 --- [    Test worker] .s.d.r.c.RepositoryConfigurationDelegate : Bootstrapping Spring Data JPA repositories in DEFAULT mode.
2021-10-25 23:37:26.160  INFO 3184 --- [    Test worker] .s.d.r.c.RepositoryConfigurationDelegate : Finished Spring Data repository scanning in 60 ms. Found 1 JPA repository interfaces.
2021-10-25 23:37:27.227  INFO 3184 --- [    Test worker] o.hibernate.jpa.internal.util.LogHelper  : HHH000204: Processing PersistenceUnitInfo [name: default]
2021-10-25 23:37:27.297  INFO 3184 --- [    Test worker] org.hibernate.Version                    : HHH000412: Hibernate ORM core version 5.4.32.Final
2021-10-25 23:37:27.479  INFO 3184 --- [    Test worker] o.hibernate.annotations.common.Version   : HCANN000001: Hibernate Commons Annotations {5.1.2.Final}
2021-10-25 23:37:27.623  INFO 3184 --- [    Test worker] com.zaxxer.hikari.HikariDataSource       : HikariPool-1 - Starting...
2021-10-25 23:37:27.728  INFO 3184 --- [    Test worker] com.zaxxer.hikari.HikariDataSource       : HikariPool-1 - Start completed.
2021-10-25 23:37:27.765  INFO 3184 --- [    Test worker] org.hibernate.dialect.Dialect            : HHH000400: Using dialect: org.hibernate.dialect.H2Dialect
2021-10-25 23:37:28.444  INFO 3184 --- [    Test worker] o.h.e.t.j.p.i.JtaPlatformInitiator       : HHH000490: Using JtaPlatform implementation: [org.hibernate.engine.transaction.jta.platform.internal.NoJtaPlatform]
2021-10-25 23:37:28.454  INFO 3184 --- [    Test worker] j.LocalContainerEntityManagerFactoryBean : Initialized JPA EntityManagerFactory for persistence unit 'default'
2021-10-25 23:37:29.750  WARN 3184 --- [    Test worker] JpaBaseConfiguration$JpaWebConfiguration : spring.jpa.open-in-view is enabled by default. Therefore, database queries may be performed during view rendering. Explicitly configure spring.jpa.open-in-view to disable this warning
2021-10-25 23:37:30.642  INFO 3184 --- [    Test worker] o.s.b.a.w.s.WelcomePageHandlerMapping    : Adding welcome page: class path resource [static/index.html]
2021-10-25 23:37:31.260  INFO 3184 --- [    Test worker] c.w.s.MemberServiceIntegrationTest       : Started MemberServiceIntegrationTest in 6.709 seconds (JVM running for 8.42)
2021-10-25 23:37:31.302  INFO 3184 --- [    Test worker] o.s.t.c.transaction.TransactionContext   : Began transaction (1) for test context [DefaultTestContext@4d49cf67 testClass = MemberServiceIntegrationTest, testInstance = co.woody.service.MemberServiceIntegrationTest@f97fa94, testMethod = 중복_회원_예외@MemberServiceIntegrationTest, testException = [null], mergedContextConfiguration = [WebMergedContextConfiguration@40f0341 testClass = MemberServiceIntegrationTest, locations = '{}', classes = '{class co.woody.BasicApplication}', contextInitializerClasses = '[]', activeProfiles = '{}', propertySourceLocations = '{}', propertySourceProperties = '{org.springframework.boot.test.context.SpringBootTestContextBootstrapper=true}', contextCustomizers = set[org.springframework.boot.test.autoconfigure.actuate.metrics.MetricsExportContextCustomizerFactory$DisableMetricExportContextCustomizer@1ba8c57e, org.springframework.boot.test.autoconfigure.properties.PropertyMappingContextCustomizer@0, org.springframework.boot.test.autoconfigure.web.servlet.WebDriverContextCustomizerFactory$Customizer@60247f69, org.springframework.boot.test.context.filter.ExcludeFilterContextCustomizer@43f8c8f4, org.springframework.boot.test.json.DuplicateJsonObjectContextCustomizerFactory$DuplicateJsonObjectContextCustomizer@3da69a0e, org.springframework.boot.test.mock.mockito.MockitoContextCustomizer@0, org.springframework.boot.test.web.client.TestRestTemplateContextCustomizer@622bc129, org.springframework.boot.test.context.SpringBootTestArgs@1, org.springframework.boot.test.context.SpringBootTestWebEnvironment@2ad19c51], resourceBasePath = 'src/main/webapp', contextLoader = 'org.springframework.boot.test.context.SpringBootContextLoader', parent = [null]], attributes = map['org.springframework.test.context.web.ServletTestExecutionListener.activateListener' -> true, 'org.springframework.test.context.web.ServletTestExecutionListener.populatedRequestContextHolder' -> true, 'org.springframework.test.context.web.ServletTestExecutionListener.resetRequestContextHolder' -> true, 'org.springframework.test.context.event.ApplicationEventsTestExecutionListener.recordApplicationEvents' -> false]]; transaction manager [org.springframework.orm.jpa.JpaTransactionManager@6ee83c9]; rollback [true]
Hibernate: 
    select
        member0_.id as id1_0_,
        member0_.name as name2_0_ 
    from
        member member0_ 
    where
        member0_.name=?
Hibernate: 
    insert 
    into
        member
        (id, name) 
    values
        (null, ?)
Hibernate: 
    select
        member0_.id as id1_0_,
        member0_.name as name2_0_ 
    from
        member member0_ 
    where
        member0_.name=?
2021-10-25 23:37:31.735  INFO 3184 --- [    Test worker] o.s.t.c.transaction.TransactionContext   : Rolled back transaction for test: [DefaultTestContext@4d49cf67 testClass = MemberServiceIntegrationTest, testInstance = co.woody.service.MemberServiceIntegrationTest@f97fa94, testMethod = 중복_회원_예외@MemberServiceIntegrationTest, testException = [null], mergedContextConfiguration = [WebMergedContextConfiguration@40f0341 testClass = MemberServiceIntegrationTest, locations = '{}', classes = '{class co.woody.BasicApplication}', contextInitializerClasses = '[]', activeProfiles = '{}', propertySourceLocations = '{}', propertySourceProperties = '{org.springframework.boot.test.context.SpringBootTestContextBootstrapper=true}', contextCustomizers = set[org.springframework.boot.test.autoconfigure.actuate.metrics.MetricsExportContextCustomizerFactory$DisableMetricExportContextCustomizer@1ba8c57e, org.springframework.boot.test.autoconfigure.properties.PropertyMappingContextCustomizer@0, org.springframework.boot.test.autoconfigure.web.servlet.WebDriverContextCustomizerFactory$Customizer@60247f69, org.springframework.boot.test.context.filter.ExcludeFilterContextCustomizer@43f8c8f4, org.springframework.boot.test.json.DuplicateJsonObjectContextCustomizerFactory$DuplicateJsonObjectContextCustomizer@3da69a0e, org.springframework.boot.test.mock.mockito.MockitoContextCustomizer@0, org.springframework.boot.test.web.client.TestRestTemplateContextCustomizer@622bc129, org.springframework.boot.test.context.SpringBootTestArgs@1, org.springframework.boot.test.context.SpringBootTestWebEnvironment@2ad19c51], resourceBasePath = 'src/main/webapp', contextLoader = 'org.springframework.boot.test.context.SpringBootContextLoader', parent = [null]], attributes = map['org.springframework.test.context.web.ServletTestExecutionListener.activateListener' -> true, 'org.springframework.test.context.web.ServletTestExecutionListener.populatedRequestContextHolder' -> true, 'org.springframework.test.context.web.ServletTestExecutionListener.resetRequestContextHolder' -> true, 'org.springframework.test.context.event.ApplicationEventsTestExecutionListener.recordApplicationEvents' -> false]]
2021-10-25 23:37:31.741  INFO 3184 --- [    Test worker] o.s.t.c.transaction.TransactionContext   : Began transaction (1) for test context [DefaultTestContext@4d49cf67 testClass = MemberServiceIntegrationTest, testInstance = co.woody.service.MemberServiceIntegrationTest@41bae497, testMethod = 회원가입@MemberServiceIntegrationTest, testException = [null], mergedContextConfiguration = [WebMergedContextConfiguration@40f0341 testClass = MemberServiceIntegrationTest, locations = '{}', classes = '{class co.woody.BasicApplication}', contextInitializerClasses = '[]', activeProfiles = '{}', propertySourceLocations = '{}', propertySourceProperties = '{org.springframework.boot.test.context.SpringBootTestContextBootstrapper=true}', contextCustomizers = set[org.springframework.boot.test.autoconfigure.actuate.metrics.MetricsExportContextCustomizerFactory$DisableMetricExportContextCustomizer@1ba8c57e, org.springframework.boot.test.autoconfigure.properties.PropertyMappingContextCustomizer@0, org.springframework.boot.test.autoconfigure.web.servlet.WebDriverContextCustomizerFactory$Customizer@60247f69, org.springframework.boot.test.context.filter.ExcludeFilterContextCustomizer@43f8c8f4, org.springframework.boot.test.json.DuplicateJsonObjectContextCustomizerFactory$DuplicateJsonObjectContextCustomizer@3da69a0e, org.springframework.boot.test.mock.mockito.MockitoContextCustomizer@0, org.springframework.boot.test.web.client.TestRestTemplateContextCustomizer@622bc129, org.springframework.boot.test.context.SpringBootTestArgs@1, org.springframework.boot.test.context.SpringBootTestWebEnvironment@2ad19c51], resourceBasePath = 'src/main/webapp', contextLoader = 'org.springframework.boot.test.context.SpringBootContextLoader', parent = [null]], attributes = map['org.springframework.test.context.web.ServletTestExecutionListener.activateListener' -> true, 'org.springframework.test.context.web.ServletTestExecutionListener.populatedRequestContextHolder' -> true, 'org.springframework.test.context.web.ServletTestExecutionListener.resetRequestContextHolder' -> true, 'org.springframework.test.context.event.ApplicationEventsTestExecutionListener.recordApplicationEvents' -> false]]; transaction manager [org.springframework.orm.jpa.JpaTransactionManager@6ee83c9]; rollback [true]
Hibernate: 
    select
        member0_.id as id1_0_,
        member0_.name as name2_0_ 
    from
        member member0_ 
    where
        member0_.name=?
Hibernate: 
    insert 
    into
        member
        (id, name) 
    values
        (null, ?)
2021-10-25 23:37:31.776  INFO 3184 --- [    Test worker] o.s.t.c.transaction.TransactionContext   : Rolled back transaction for test: [DefaultTestContext@4d49cf67 testClass = MemberServiceIntegrationTest, testInstance = co.woody.service.MemberServiceIntegrationTest@41bae497, testMethod = 회원가입@MemberServiceIntegrationTest, testException = [null], mergedContextConfiguration = [WebMergedContextConfiguration@40f0341 testClass = MemberServiceIntegrationTest, locations = '{}', classes = '{class co.woody.BasicApplication}', contextInitializerClasses = '[]', activeProfiles = '{}', propertySourceLocations = '{}', propertySourceProperties = '{org.springframework.boot.test.context.SpringBootTestContextBootstrapper=true}', contextCustomizers = set[org.springframework.boot.test.autoconfigure.actuate.metrics.MetricsExportContextCustomizerFactory$DisableMetricExportContextCustomizer@1ba8c57e, org.springframework.boot.test.autoconfigure.properties.PropertyMappingContextCustomizer@0, org.springframework.boot.test.autoconfigure.web.servlet.WebDriverContextCustomizerFactory$Customizer@60247f69, org.springframework.boot.test.context.filter.ExcludeFilterContextCustomizer@43f8c8f4, org.springframework.boot.test.json.DuplicateJsonObjectContextCustomizerFactory$DuplicateJsonObjectContextCustomizer@3da69a0e, org.springframework.boot.test.mock.mockito.MockitoContextCustomizer@0, org.springframework.boot.test.web.client.TestRestTemplateContextCustomizer@622bc129, org.springframework.boot.test.context.SpringBootTestArgs@1, org.springframework.boot.test.context.SpringBootTestWebEnvironment@2ad19c51], resourceBasePath = 'src/main/webapp', contextLoader = 'org.springframework.boot.test.context.SpringBootContextLoader', parent = [null]], attributes = map['org.springframework.test.context.web.ServletTestExecutionListener.activateListener' -> true, 'org.springframework.test.context.web.ServletTestExecutionListener.populatedRequestContextHolder' -> true, 'org.springframework.test.context.web.ServletTestExecutionListener.resetRequestContextHolder' -> true, 'org.springframework.test.context.event.ApplicationEventsTestExecutionListener.recordApplicationEvents' -> false]]
]]></system-out>
  <system-err><![CDATA[START : execution(MemberService co.woody.config.SpringConfig.memberService())
MemberService : class com.sun.proxy.$Proxy91
END : execution(MemberService co.woody.config.SpringConfig.memberService()) 34ms
MemberController : class co.woody.service.MemberService$$EnhancerBySpringCGLIB$$fb8dcb6c
START : execution(Long co.woody.service.MemberService.join(Member))
START : execution(Optional co.woody.repository.SpringDataJpaMemberRepository.findByName(String))
END : execution(Optional co.woody.repository.SpringDataJpaMemberRepository.findByName(String)) 239ms
START : execution(Member co.woody.repository.MemberRepository.save(Member))
END : execution(Member co.woody.repository.MemberRepository.save(Member)) 52ms
END : execution(Long co.woody.service.MemberService.join(Member)) 302ms
START : execution(Long co.woody.service.MemberService.join(Member))
START : execution(Optional co.woody.repository.SpringDataJpaMemberRepository.findByName(String))
END : execution(Optional co.woody.repository.SpringDataJpaMemberRepository.findByName(String)) 12ms
END : execution(Long co.woody.service.MemberService.join(Member)) 13ms
START : execution(Long co.woody.service.MemberService.join(Member))
START : execution(Optional co.woody.repository.SpringDataJpaMemberRepository.findByName(String))
END : execution(Optional co.woody.repository.SpringDataJpaMemberRepository.findByName(String)) 6ms
START : execution(Member co.woody.repository.MemberRepository.save(Member))
END : execution(Member co.woody.repository.MemberRepository.save(Member)) 4ms
END : execution(Long co.woody.service.MemberService.join(Member)) 11ms
START : execution(Optional co.woody.service.MemberService.findOne(Long))
START : execution(Optional co.woody.repository.MemberRepository.findById(Long))
END : execution(Optional co.woody.repository.MemberRepository.findById(Long)) 11ms
END : execution(Optional co.woody.service.MemberService.findOne(Long)) 13ms
]]></system-err>
</testsuite>
