<?xml version="1.0" encoding="UTF-8"?>
<testsuite name="co.woody.repository.MemoryMemberRepositoryTest" tests="4" skipped="0" failures="0" errors="0" timestamp="2021-10-25T14:37:23" hostname="woodyui-MacBookPro.local" time="0.116">
  <properties/>
  <testcase name="findAll()" classname="co.woody.repository.MemoryMemberRepositoryTest" time="0.097"/>
  <testcase name="findByName()" classname="co.woody.repository.MemoryMemberRepositoryTest" time="0.004"/>
  <testcase name="findMember()" classname="co.woody.repository.MemoryMemberRepositoryTest" time="0.004"/>
  <testcase name="save()" classname="co.woody.repository.MemoryMemberRepositoryTest" time="0.006"/>
  <system-out><![CDATA[]]></system-out>
  <system-err><![CDATA[]]></system-err>
</testsuite>
