<?xml version="1.0" encoding="UTF-8"?>
<testsuite name="co.woody.repository.MemoryMemberRepositoryTest" tests="4" skipped="0" failures="0" errors="0" timestamp="2021-10-03T15:44:29" hostname="woodyui-MacBookPro.local" time="0.073">
  <properties/>
  <testcase name="findAll()" classname="co.woody.repository.MemoryMemberRepositoryTest" time="0.066"/>
  <testcase name="findByName()" classname="co.woody.repository.MemoryMemberRepositoryTest" time="0.002"/>
  <testcase name="findMember()" classname="co.woody.repository.MemoryMemberRepositoryTest" time="0.001"/>
  <testcase name="save()" classname="co.woody.repository.MemoryMemberRepositoryTest" time="0.001"/>
  <system-out><![CDATA[]]></system-out>
  <system-err><![CDATA[]]></system-err>
</testsuite>
