<?xml version="1.0" encoding="UTF-8"?>
<testsuite name="co.woody.singleton.SingletonTest" tests="3" skipped="0" failures="0" errors="0" timestamp="2021-10-25T14:37:38" hostname="woodyui-MacBookPro.local" time="0.021">
  <properties/>
  <testcase name="스프링 없는 순수한 DI 컨테이너" classname="co.woody.singleton.SingletonTest" time="0.001"/>
  <testcase name="싱글톤 패턴을 적용한 객체 사용" classname="co.woody.singleton.SingletonTest" time="0.003"/>
  <testcase name="스프링 컨테이너와 싱글톤" classname="co.woody.singleton.SingletonTest" time="0.015"/>
  <system-out><![CDATA[memberService1 = co.woody.member.MemberServiceImpl@27b95567
memberService2 = co.woody.member.MemberServiceImpl@4aecae37
singletonService1 = co.woody.singleton.SingletonService@2747c3a4
singletonService2 = co.woody.singleton.SingletonService@2747c3a4
23:37:38.364 [Test worker] DEBUG org.springframework.context.annotation.AnnotationConfigApplicationContext - Refreshing org.springframework.context.annotation.AnnotationConfigApplicationContext@a87de41
23:37:38.365 [Test worker] DEBUG org.springframework.beans.factory.support.DefaultListableBeanFactory - Creating shared instance of singleton bean 'org.springframework.context.annotation.internalConfigurationAnnotationProcessor'
23:37:38.367 [Test worker] DEBUG org.springframework.beans.factory.support.DefaultListableBeanFactory - Creating shared instance of singleton bean 'org.springframework.context.event.internalEventListenerProcessor'
23:37:38.368 [Test worker] DEBUG org.springframework.beans.factory.support.DefaultListableBeanFactory - Creating shared instance of singleton bean 'org.springframework.context.event.internalEventListenerFactory'
23:37:38.368 [Test worker] DEBUG org.springframework.beans.factory.support.DefaultListableBeanFactory - Creating shared instance of singleton bean 'org.springframework.context.annotation.internalAutowiredAnnotationProcessor'
23:37:38.369 [Test worker] DEBUG org.springframework.beans.factory.support.DefaultListableBeanFactory - Creating shared instance of singleton bean 'org.springframework.context.annotation.internalCommonAnnotationProcessor'
23:37:38.370 [Test worker] DEBUG org.springframework.beans.factory.support.DefaultListableBeanFactory - Creating shared instance of singleton bean 'org.springframework.context.annotation.internalPersistenceAnnotationProcessor'
23:37:38.370 [Test worker] DEBUG org.springframework.beans.factory.support.DefaultListableBeanFactory - Creating shared instance of singleton bean 'appConfig'
23:37:38.371 [Test worker] DEBUG org.springframework.beans.factory.support.DefaultListableBeanFactory - Creating shared instance of singleton bean 'memberService'
23:37:38.371 [Test worker] DEBUG org.springframework.beans.factory.support.DefaultListableBeanFactory - Creating shared instance of singleton bean 'memberRepository'
23:37:38.372 [Test worker] DEBUG org.springframework.beans.factory.support.DefaultListableBeanFactory - Creating shared instance of singleton bean 'orderService'
23:37:38.372 [Test worker] DEBUG org.springframework.beans.factory.support.DefaultListableBeanFactory - Creating shared instance of singleton bean 'discountPolicy'
memberService1 = co.woody.member.MemberServiceImpl@5ea6cbbf
memberService2 = co.woody.member.MemberServiceImpl@5ea6cbbf
]]></system-out>
  <system-err><![CDATA[]]></system-err>
</testsuite>
