<?xml version="1.0" encoding="UTF-8"?>
<testsuite name="co.woody.singleton.StatefulServiceTest" tests="1" skipped="0" failures="0" errors="0" timestamp="2021-10-25T14:37:38" hostname="woodyui-MacBookPro.local" time="0.001">
  <properties/>
  <testcase name="statefulServiceSingleton()" classname="co.woody.singleton.StatefulServiceTest" time="0.001"/>
  <system-out><![CDATA[23:37:38.313 [Test worker] DEBUG org.springframework.context.annotation.AnnotationConfigApplicationContext - Refreshing org.springframework.context.annotation.AnnotationConfigApplicationContext@31cd6650
23:37:38.314 [Test worker] DEBUG org.springframework.beans.factory.support.DefaultListableBeanFactory - Creating shared instance of singleton bean 'org.springframework.context.annotation.internalConfigurationAnnotationProcessor'
23:37:38.316 [Test worker] DEBUG org.springframework.beans.factory.support.DefaultListableBeanFactory - Creating shared instance of singleton bean 'org.springframework.context.event.internalEventListenerProcessor'
23:37:38.317 [Test worker] DEBUG org.springframework.beans.factory.support.DefaultListableBeanFactory - Creating shared instance of singleton bean 'org.springframework.context.event.internalEventListenerFactory'
23:37:38.317 [Test worker] DEBUG org.springframework.beans.factory.support.DefaultListableBeanFactory - Creating shared instance of singleton bean 'org.springframework.context.annotation.internalAutowiredAnnotationProcessor'
23:37:38.318 [Test worker] DEBUG org.springframework.beans.factory.support.DefaultListableBeanFactory - Creating shared instance of singleton bean 'org.springframework.context.annotation.internalCommonAnnotationProcessor'
23:37:38.318 [Test worker] DEBUG org.springframework.beans.factory.support.DefaultListableBeanFactory - Creating shared instance of singleton bean 'org.springframework.context.annotation.internalPersistenceAnnotationProcessor'
23:37:38.318 [Test worker] DEBUG org.springframework.beans.factory.support.DefaultListableBeanFactory - Creating shared instance of singleton bean 'statefulServiceTest.TestConfig'
23:37:38.319 [Test worker] DEBUG org.springframework.beans.factory.support.DefaultListableBeanFactory - Creating shared instance of singleton bean 'statefulService'
userA = 10000
userB = 20000
]]></system-out>
  <system-err><![CDATA[]]></system-err>
</testsuite>
