<?xml version="1.0" encoding="UTF-8"?>
<testsuite name="co.woody.autowired.AutowiredTest" tests="1" skipped="0" failures="0" errors="0" timestamp="2021-10-25T14:37:38" hostname="woodyui-MacBookPro.local" time="0.027">
  <properties/>
  <testcase name="AutowiredOption()" classname="co.woody.autowired.AutowiredTest" time="0.027"/>
  <system-out><![CDATA[23:37:38.596 [Test worker] DEBUG org.springframework.context.annotation.AnnotationConfigApplicationContext - Refreshing org.springframework.context.annotation.AnnotationConfigApplicationContext@40bb9edf
23:37:38.596 [Test worker] DEBUG org.springframework.beans.factory.support.DefaultListableBeanFactory - Creating shared instance of singleton bean 'org.springframework.context.annotation.internalConfigurationAnnotationProcessor'
23:37:38.597 [Test worker] DEBUG org.springframework.beans.factory.support.DefaultListableBeanFactory - Creating shared instance of singleton bean 'org.springframework.context.event.internalEventListenerProcessor'
23:37:38.597 [Test worker] DEBUG org.springframework.beans.factory.support.DefaultListableBeanFactory - Creating shared instance of singleton bean 'org.springframework.context.event.internalEventListenerFactory'
23:37:38.598 [Test worker] DEBUG org.springframework.beans.factory.support.DefaultListableBeanFactory - Creating shared instance of singleton bean 'org.springframework.context.annotation.internalAutowiredAnnotationProcessor'
23:37:38.598 [Test worker] DEBUG org.springframework.beans.factory.support.DefaultListableBeanFactory - Creating shared instance of singleton bean 'org.springframework.context.annotation.internalCommonAnnotationProcessor'
23:37:38.599 [Test worker] DEBUG org.springframework.beans.factory.support.DefaultListableBeanFactory - Creating shared instance of singleton bean 'org.springframework.context.annotation.internalPersistenceAnnotationProcessor'
23:37:38.599 [Test worker] DEBUG org.springframework.beans.factory.support.DefaultListableBeanFactory - Creating shared instance of singleton bean 'autowiredTest.TestBean'
noBean2 = null
noBean3 = Optional.empty
]]></system-out>
  <system-err><![CDATA[]]></system-err>
</testsuite>
