<?xml version="1.0" encoding="UTF-8"?>
<testsuite name="co.woody.order.OrderServiceTest" tests="1" skipped="0" failures="0" errors="0" timestamp="2021-10-25T14:37:37" hostname="woodyui-MacBookPro.local" time="0.09">
  <properties/>
  <testcase name="createOrder()" classname="co.woody.order.OrderServiceTest" time="0.09"/>
  <system-out><![CDATA[]]></system-out>
  <system-err><![CDATA[]]></system-err>
</testsuite>
