<?xml version="1.0" encoding="UTF-8"?>
<testsuite name="co.woody.xml.XmlAppContext" tests="1" skipped="0" failures="0" errors="0" timestamp="2021-10-25T14:37:38" hostname="woodyui-MacBookPro.local" time="0.194">
  <properties/>
  <testcase name="xmlAppContext()" classname="co.woody.xml.XmlAppContext" time="0.194"/>
  <system-out><![CDATA[23:37:38.298 [Test worker] DEBUG org.springframework.beans.factory.xml.XmlBeanDefinitionReader - Loaded 4 bean definitions from class path resource [xmlAppContext.xml]
23:37:38.298 [Test worker] DEBUG org.springframework.context.support.GenericXmlApplicationContext - Refreshing org.springframework.context.support.GenericXmlApplicationContext@73770ad8
23:37:38.300 [Test worker] DEBUG org.springframework.beans.factory.support.DefaultListableBeanFactory - Creating shared instance of singleton bean 'memberService'
23:37:38.300 [Test worker] DEBUG org.springframework.beans.factory.support.DefaultListableBeanFactory - Creating shared instance of singleton bean 'memberRepository'
23:37:38.303 [Test worker] DEBUG org.springframework.beans.factory.support.DefaultListableBeanFactory - Creating shared instance of singleton bean 'orderService'
23:37:38.303 [Test worker] DEBUG org.springframework.beans.factory.support.DefaultListableBeanFactory - Creating shared instance of singleton bean 'discountPolicy'
]]></system-out>
  <system-err><![CDATA[]]></system-err>
</testsuite>
