<?xml version="1.0" encoding="UTF-8"?>
<testsuite name="co.woody.discount.RateDiscountPolicyTest" tests="2" skipped="0" failures="0" errors="0" timestamp="2021-10-25T14:37:38" hostname="woodyui-MacBookPro.local" time="0.004">
  <properties/>
  <testcase name="VIP는 10% 할인이 적용되야야 한다." classname="co.woody.discount.RateDiscountPolicyTest" time="0.002"/>
  <testcase name="VIP가 아니면 할인이 적용되지 않아야 한다." classname="co.woody.discount.RateDiscountPolicyTest" time="0.001"/>
  <system-out><![CDATA[]]></system-out>
  <system-err><![CDATA[]]></system-err>
</testsuite>
